<?xml version="1.0" encoding="UTF-8"?>
<testsuite name="Add Customer Test"
           tests="4"
           failures="0"
           errors="0"
           skipped="1"
           time="13.250">
  <properties />
  
            <testcase name="addCustomerTest" time="0.0" classname="atmecs.testcases.AddCustomerTest">
          <skipped />
    </testcase>
  
            <testcase name="addCustomerTest" time="4.349" classname="atmecs.testcases.AddCustomerTest" />
                <testcase name="addCustomerTest" time="4.535" classname="atmecs.testcases.AddCustomerTest" />
                <testcase name="addCustomerTest" time="4.365" classname="atmecs.testcases.AddCustomerTest" />
      
</testsuite>
